
**********************************************************
**********************************************************
You are using "WSL" as a terminal, if you get an
error please read the pre-requisites for Microsoft WSL.
https://scully.io/docs/learn/getting-started/installation/
**********************************************************
**********************************************************
      
**********************************************************
**********************************************************
You are using "WSL" as a terminal, if you get an
error please read the pre-requisites for Microsoft WSL.
https://scully.io/docs/learn/getting-started/installation/
**********************************************************
**********************************************************
      Folder "./scully" doesn't seem to contain custom plugins Deprecation Notice:
       ======================================================================
         From now on, the plugin that is being used to render a route is
         able to be changed by the user. You can do this by adding or
         enabling the plugin your scully.my-blog.config.ts
         file. For your convenience, we loaded the Puppeteer plugin for you.

         To disable this warning enable the plugin of your choice.
         for Puppeteer please add:
             import '@scullyio/scully-plugin-puppeteer';
          to your scully.my-blog.config.ts file.

          When you get this warning while not using scully-plugin-puppeteer
          you need to set the defaultRouteRenderer to the name of your plugin.
          The defaultRouteRenderer is now set to 'routeRenderer'.
       ======================================================================



**********************************************************
**********************************************************
You are using "WSL" as a terminal, if you get an
error please read the pre-requisites for Microsoft WSL.
https://scully.io/docs/learn/getting-started/installation/
**********************************************************
**********************************************************
      
(You can skip this, or any future question by using the --noPrompt flag)

**********************************************************
**********************************************************
You are using "WSL" as a terminal, if you get an
error please read the pre-requisites for Microsoft WSL.
https://scully.io/docs/learn/getting-started/installation/
**********************************************************
**********************************************************
      

**********************************************************
**********************************************************
You are using "WSL" as a terminal, if you get an
error please read the pre-requisites for Microsoft WSL.
https://scully.io/docs/learn/getting-started/installation/
**********************************************************
**********************************************************
      Folder "./scully" doesn't seem to contain custom plugins Deprecation Notice:
       ======================================================================
         From now on, the plugin that is being used to render a route is
         able to be changed by the user. You can do this by adding or
         enabling the plugin your scully.my-blog.config.ts
         file. For your convenience, we loaded the Puppeteer plugin for you.

         To disable this warning enable the plugin of your choice.
         for Puppeteer please add:
             import '@scullyio/scully-plugin-puppeteer';
          to your scully.my-blog.config.ts file.

          When you get this warning while not using scully-plugin-puppeteer
          you need to set the defaultRouteRenderer to the name of your plugin.
          The defaultRouteRenderer is now set to 'routeRenderer'.
       ======================================================================



**********************************************************
**********************************************************
You are using "WSL" as a terminal, if you get an
error please read the pre-requisites for Microsoft WSL.
https://scully.io/docs/learn/getting-started/installation/
**********************************************************
**********************************************************
      
----------------------------------Using stored unhandled routes!.   To discover new routes in the angular app use "npx scully --scanRoutes"----------------------------------




**********************************************************
**********************************************************
You are using "WSL" as a terminal, if you get an
error please read the pre-requisites for Microsoft WSL.
https://scully.io/docs/learn/getting-started/installation/
**********************************************************
**********************************************************
      
handleUnknownRoute: "/posts/2023-01-22-blog/index.html", 404:""

**********************************************************
**********************************************************
You are using "WSL" as a terminal, if you get an
error please read the pre-requisites for Microsoft WSL.
https://scully.io/docs/learn/getting-started/installation/
**********************************************************
**********************************************************
      Folder "./scully" doesn't seem to contain custom plugins Deprecation Notice:
       ======================================================================
         From now on, the plugin that is being used to render a route is
         able to be changed by the user. You can do this by adding or
         enabling the plugin your scully.my-blog.config.ts
         file. For your convenience, we loaded the Puppeteer plugin for you.

         To disable this warning enable the plugin of your choice.
         for Puppeteer please add:
             import '@scullyio/scully-plugin-puppeteer';
          to your scully.my-blog.config.ts file.

          When you get this warning while not using scully-plugin-puppeteer
          you need to set the defaultRouteRenderer to the name of your plugin.
          The defaultRouteRenderer is now set to 'routeRenderer'.
       ======================================================================



**********************************************************
**********************************************************
You are using "WSL" as a terminal, if you get an
error please read the pre-requisites for Microsoft WSL.
https://scully.io/docs/learn/getting-started/installation/
**********************************************************
**********************************************************
      
Using stored unhandled routes!.--------------------------------------------------------------------   To discover new routes in the angular app use "npx scully --scanRoutes"




**********************************************************
**********************************************************
You are using "WSL" as a terminal, if you get an
error please read the pre-requisites for Microsoft WSL.
https://scully.io/docs/learn/getting-started/installation/
**********************************************************
**********************************************************
      
handleUnknownRoute: "/posts/2023-01-22-blog/index.html", 404:""
handleUnknownRoute: "/posts/2023-01-22-blog/index.html", 404:""

**********************************************************
**********************************************************
You are using "WSL" as a terminal, if you get an
error please read the pre-requisites for Microsoft WSL.
https://scully.io/docs/learn/getting-started/installation/
**********************************************************
**********************************************************
      Folder "./scully" doesn't seem to contain custom plugins Deprecation Notice:
       ======================================================================
         From now on, the plugin that is being used to render a route is
         able to be changed by the user. You can do this by adding or
         enabling the plugin your scully.my-blog.config.ts
         file. For your convenience, we loaded the Puppeteer plugin for you.

         To disable this warning enable the plugin of your choice.
         for Puppeteer please add:
             import '@scullyio/scully-plugin-puppeteer';
          to your scully.my-blog.config.ts file.

          When you get this warning while not using scully-plugin-puppeteer
          you need to set the defaultRouteRenderer to the name of your plugin.
          The defaultRouteRenderer is now set to 'routeRenderer'.
       ======================================================================



**********************************************************
**********************************************************
You are using "WSL" as a terminal, if you get an
error please read the pre-requisites for Microsoft WSL.
https://scully.io/docs/learn/getting-started/installation/
**********************************************************
**********************************************************
      
----------------------------------Using stored unhandled routes!.   To discover new routes in the angular app use "npx scully --scanRoutes"----------------------------------




**********************************************************
**********************************************************
You are using "WSL" as a terminal, if you get an
error please read the pre-requisites for Microsoft WSL.
https://scully.io/docs/learn/getting-started/installation/
**********************************************************
**********************************************************
      
handleUnknownRoute: "/posts/angular-and-scully/index.html", 404:""
handleUnknownRoute: "/posts/angular-and-scully/index.html", 404:""
